# JRE version: Java(TM) SE Runtime Environment (8.0_211-b12) (build 1.8.0_211-b12)
# Java VM: Java HotSpot(TM) 64-Bit Server VM (25.211-b12 mixed mode windows-amd64 compressed oops)
Heap:
 PSYoungGen      total 168960K, used 64525K [0x00000000d5d00000, 0x00000000e4580000, 0x0000000100000000)
  eden space 153600K, 32% used [0x00000000d5d00000,0x00000000d8d08cf0,0x00000000df300000)
  from space 15360K, 99% used [0x00000000df300000,0x00000000e01fa838,0x00000000e0200000)
  to   space 17408K, 0% used [0x00000000e3480000,0x00000000e3480000,0x00000000e4580000)
 ParOldGen       total 91136K, used 19849K [0x0000000081600000, 0x0000000086f00000, 0x00000000d5d00000)
  object space 91136K, 21% used [0x0000000081600000,0x0000000082962668,0x0000000086f00000)
 Metaspace       used 46917K, capacity 49098K, committed 49408K, reserved 1091584K
  class space    used 6411K, capacity 6821K, committed 6912K, reserved 1048576K
GC Heap History (10 events):
Event: 6.205 GC heap before
{Heap before GC invocations=7 (full 1):
 PSYoungGen      total 71680K, used 71164K [0x00000000d5d00000, 0x00000000dd480000, 0x0000000100000000)
  eden space 66560K, 100% used [0x00000000d5d00000,0x00000000d9e00000,0x00000000d9e00000)
  from space 5120K, 89% used [0x00000000d9e00000,0x00000000da27f3a8,0x00000000da300000)
  to   space 8704K, 0% used [0x00000000dcc00000,0x00000000dcc00000,0x00000000dd480000)
 ParOldGen       total 55808K, used 6192K [0x0000000081600000, 0x0000000084c80000, 0x00000000d5d00000)
  object space 55808K, 11% used [0x0000000081600000,0x0000000081c0c3f0,0x0000000084c80000)
 Metaspace       used 26194K, capacity 27358K, committed 27520K, reserved 1073152K
  class space    used 3594K, capacity 3848K, committed 3968K, reserved 1048576K
Event: 6.220 GC heap after
Heap after GC invocations=7 (full 1):
 PSYoungGen      total 110592K, used 8614K [0x00000000d5d00000, 0x00000000dd480000, 0x0000000100000000)
  eden space 101888K, 0% used [0x00000000d5d00000,0x00000000d5d00000,0x00000000dc080000)
  from space 8704K, 98% used [0x00000000dcc00000,0x00000000dd469808,0x00000000dd480000)
  to   space 9728K, 0% used [0x00000000dc180000,0x00000000dc180000,0x00000000dcb00000)
 ParOldGen       total 55808K, used 6200K [0x0000000081600000, 0x0000000084c80000, 0x00000000d5d00000)
  object space 55808K, 11% used [0x0000000081600000,0x0000000081c0e3f0,0x0000000084c80000)
 Metaspace       used 26194K, capacity 27358K, committed 27520K, reserved 1073152K
  class space    used 3594K, capacity 3848K, committed 3968K, reserved 1048576K
}
Event: 8.357 GC heap before
{Heap before GC invocations=8 (full 1):
 PSYoungGen      total 110592K, used 110502K [0x00000000d5d00000, 0x00000000dd480000, 0x0000000100000000)
  eden space 101888K, 100% used [0x00000000d5d00000,0x00000000dc080000,0x00000000dc080000)
  from space 8704K, 98% used [0x00000000dcc00000,0x00000000dd469808,0x00000000dd480000)
  to   space 9728K, 0% used [0x00000000dc180000,0x00000000dc180000,0x00000000dcb00000)
 ParOldGen       total 55808K, used 6200K [0x0000000081600000, 0x0000000084c80000, 0x00000000d5d00000)
  object space 55808K, 11% used [0x0000000081600000,0x0000000081c0e3f0,0x0000000084c80000)
 Metaspace       used 32564K, capacity 34122K, committed 34432K, reserved 1079296K
  class space    used 4345K, capacity 4674K, committed 4736K, reserved 1048576K
Event: 8.394 GC heap after
Heap after GC invocations=8 (full 1):
 PSYoungGen      total 112640K, used 9706K [0x00000000d5d00000, 0x00000000e1080000, 0x0000000100000000)
  eden space 102912K, 0% used [0x00000000d5d00000,0x00000000d5d00000,0x00000000dc180000)
  from space 9728K, 99% used [0x00000000dc180000,0x00000000dcafa838,0x00000000dcb00000)
  to   space 14848K, 0% used [0x00000000e0200000,0x00000000e0200000,0x00000000e1080000)
 ParOldGen       total 55808K, used 14026K [0x0000000081600000, 0x0000000084c80000, 0x00000000d5d00000)
  object space 55808K, 25% used [0x0000000081600000,0x00000000823b2970,0x0000000084c80000)
 Metaspace       used 32564K, capacity 34122K, committed 34432K, reserved 1079296K
  class space    used 4345K, capacity 4674K, committed 4736K, reserved 1048576K
}
Event: 8.576 GC heap before
{Heap before GC invocations=9 (full 1):
 PSYoungGen      total 112640K, used 17349K [0x00000000d5d00000, 0x00000000e1080000, 0x0000000100000000)
  eden space 102912K, 7% used [0x00000000d5d00000,0x00000000d6476fb0,0x00000000dc180000)
  from space 9728K, 99% used [0x00000000dc180000,0x00000000dcafa838,0x00000000dcb00000)
  to   space 14848K, 0% used [0x00000000e0200000,0x00000000e0200000,0x00000000e1080000)
 ParOldGen       total 55808K, used 14026K [0x0000000081600000, 0x0000000084c80000, 0x00000000d5d00000)
  object space 55808K, 25% used [0x0000000081600000,0x00000000823b2970,0x0000000084c80000)
 Metaspace       used 33727K, capacity 35244K, committed 35496K, reserved 1079296K
  class space    used 4532K, capacity 4835K, committed 4864K, reserved 1048576K
Event: 8.598 GC heap after
Heap after GC invocations=9 (full 1):
 PSYoungGen      total 168448K, used 10721K [0x00000000d5d00000, 0x00000000e2380000, 0x0000000100000000)
  eden space 153600K, 0% used [0x00000000d5d00000,0x00000000d5d00000,0x00000000df300000)
  from space 14848K, 72% used [0x00000000e0200000,0x00000000e0c787f8,0x00000000e1080000)
  to   space 15360K, 0% used [0x00000000df300000,0x00000000df300000,0x00000000e0200000)
 ParOldGen       total 55808K, used 14034K [0x0000000081600000, 0x0000000084c80000, 0x00000000d5d00000)
  object space 55808K, 25% used [0x0000000081600000,0x00000000823b4970,0x0000000084c80000)
 Metaspace       used 33727K, capacity 35244K, committed 35496K, reserved 1079296K
  class space    used 4532K, capacity 4835K, committed 4864K, reserved 1048576K
}
Event: 8.598 GC heap before
{Heap before GC invocations=10 (full 2):
 PSYoungGen      total 168448K, used 10721K [0x00000000d5d00000, 0x00000000e2380000, 0x0000000100000000)
  eden space 153600K, 0% used [0x00000000d5d00000,0x00000000d5d00000,0x00000000df300000)
  from space 14848K, 72% used [0x00000000e0200000,0x00000000e0c787f8,0x00000000e1080000)
  to   space 15360K, 0% used [0x00000000df300000,0x00000000df300000,0x00000000e0200000)
 ParOldGen       total 55808K, used 14034K [0x0000000081600000, 0x0000000084c80000, 0x00000000d5d00000)
  object space 55808K, 25% used [0x0000000081600000,0x00000000823b4970,0x0000000084c80000)
 Metaspace       used 33727K, capacity 35244K, committed 35496K, reserved 1079296K
  class space    used 4532K, capacity 4835K, committed 4864K, reserved 1048576K
Event: 8.793 GC heap after
Heap after GC invocations=10 (full 2):
 PSYoungGen      total 168448K, used 0K [0x00000000d5d00000, 0x00000000e2380000, 0x0000000100000000)
  eden space 153600K, 0% used [0x00000000d5d00000,0x00000000d5d00000,0x00000000df300000)
  from space 14848K, 0% used [0x00000000e0200000,0x00000000e0200000,0x00000000e1080000)
  to   space 15360K, 0% used [0x00000000df300000,0x00000000df300000,0x00000000e0200000)
 ParOldGen       total 91136K, used 19563K [0x0000000081600000, 0x0000000086f00000, 0x00000000d5d00000)
  object space 91136K, 21% used [0x0000000081600000,0x000000008291af38,0x0000000086f00000)
 Metaspace       used 33727K, capacity 35244K, committed 35496K, reserved 1079296K
  class space    used 4532K, capacity 4835K, committed 4864K, reserved 1048576K
}
Event: 12.257 GC heap before
{Heap before GC invocations=11 (full 2):
 PSYoungGen      total 168448K, used 153600K [0x00000000d5d00000, 0x00000000e2380000, 0x0000000100000000)
  eden space 153600K, 100% used [0x00000000d5d00000,0x00000000df300000,0x00000000df300000)
  from space 14848K, 0% used [0x00000000e0200000,0x00000000e0200000,0x00000000e1080000)
  to   space 15360K, 0% used [0x00000000df300000,0x00000000df300000,0x00000000e0200000)
 ParOldGen       total 91136K, used 19563K [0x0000000081600000, 0x0000000086f00000, 0x00000000d5d00000)
  object space 91136K, 21% used [0x0000000081600000,0x000000008291af38,0x0000000086f00000)
 Metaspace       used 44503K, capacity 46548K, committed 46720K, reserved 1089536K
  class space    used 6073K, capacity 6464K, committed 6528K, reserved 1048576K
Event: 12.283 GC heap after
Heap after GC invocations=11 (full 2):
 PSYoungGen      total 168960K, used 15338K [0x00000000d5d00000, 0x00000000e4580000, 0x0000000100000000)
  eden space 153600K, 0% used [0x00000000d5d00000,0x00000000d5d00000,0x00000000df300000)
  from space 15360K, 99% used [0x00000000df300000,0x00000000e01fa838,0x00000000e0200000)
  to   space 17408K, 0% used [0x00000000e3480000,0x00000000e3480000,0x00000000e4580000)
 ParOldGen       total 91136K, used 19849K [0x0000000081600000, 0x0000000086f00000, 0x00000000d5d00000)
  object space 91136K, 21% used [0x0000000081600000,0x0000000082962668,0x0000000086f00000)
 Metaspace       used 44503K, capacity 46548K, committed 46720K, reserved 1089536K
  class space    used 6073K, capacity 6464K, committed 6528K, reserved 1048576K
}

